<?xml version="1.0" encoding="UTF-8"?>
<testng-results ignored="0" total="2" passed="2" failed="0" skipped="0">
  <reporter-output>
  </reporter-output>
  <suite started-at="2023-10-31T10:31:20 IST" name="Suite" finished-at="2023-10-31T10:31:31 IST" duration-ms="10454">
    <groups>
    </groups>
    <test started-at="2023-10-31T10:31:20 IST" name="chrometest" finished-at="2023-10-31T10:31:25 IST" duration-ms="4628">
      <class name="Cross_browser.Cross_Platform_Test">
        <test-method is-config="true" signature="initalize(java.lang.String)[pri:0, instance:Cross_browser.Cross_Platform_Test@742ff096]" started-at="2023-10-31T10:31:20 IST" name="initalize" finished-at="2023-10-31T10:31:23 IST" duration-ms="2794" status="PASS">
          <params>
            <param index="0">
              <value>
                <![CDATA[chrome]]>
              </value>
            </param>
          </params>
          <reporter-output>
          </reporter-output>
        </test-method> <!-- initalize -->
        <test-method signature="connent_app_log()[pri:0, instance:Cross_browser.Cross_Platform_Test@742ff096]" started-at="2023-10-31T10:31:23 IST" name="connent_app_log" finished-at="2023-10-31T10:31:25 IST" duration-ms="1668" status="PASS">
          <reporter-output>
          </reporter-output>
        </test-method> <!-- connent_app_log -->
        <test-method is-config="true" signature="tear_down()[pri:0, instance:Cross_browser.Cross_Platform_Test@742ff096]" started-at="2023-10-31T10:31:25 IST" name="tear_down" finished-at="2023-10-31T10:31:25 IST" duration-ms="119" status="PASS">
          <reporter-output>
          </reporter-output>
        </test-method> <!-- tear_down -->
      </class> <!-- Cross_browser.Cross_Platform_Test -->
    </test> <!-- chrometest -->
    <test started-at="2023-10-31T10:31:25 IST" name="firefoxtest" finished-at="2023-10-31T10:31:31 IST" duration-ms="5802">
      <class name="Cross_browser.Cross_Platform_Test">
        <test-method is-config="true" signature="initalize(java.lang.String)[pri:0, instance:Cross_browser.Cross_Platform_Test@24569dba]" started-at="2023-10-31T10:31:25 IST" name="initalize" finished-at="2023-10-31T10:31:28 IST" duration-ms="2660" status="PASS">
          <params>
            <param index="0">
              <value>
                <![CDATA[firefox]]>
              </value>
            </param>
          </params>
          <reporter-output>
          </reporter-output>
        </test-method> <!-- initalize -->
        <test-method signature="connent_app_log()[pri:0, instance:Cross_browser.Cross_Platform_Test@24569dba]" started-at="2023-10-31T10:31:28 IST" name="connent_app_log" finished-at="2023-10-31T10:31:30 IST" duration-ms="2199" status="PASS">
          <reporter-output>
          </reporter-output>
        </test-method> <!-- connent_app_log -->
        <test-method is-config="true" signature="tear_down()[pri:0, instance:Cross_browser.Cross_Platform_Test@24569dba]" started-at="2023-10-31T10:31:30 IST" name="tear_down" finished-at="2023-10-31T10:31:31 IST" duration-ms="936" status="PASS">
          <reporter-output>
          </reporter-output>
        </test-method> <!-- tear_down -->
      </class> <!-- Cross_browser.Cross_Platform_Test -->
    </test> <!-- firefoxtest -->
  </suite> <!-- Suite -->
</testng-results>
